<?xml version="1.0" encoding="UTF-8"?>
<testsuite name="learn.learnforjava.LearnForJavaApplicationTests" tests="1" skipped="0" failures="0" errors="0" timestamp="2021-05-31T09:19:20" hostname="ZhihengdeMacBook-Pro.local" time="0.191">
  <properties/>
  <testcase name="contextLoads()" classname="learn.learnforjava.LearnForJavaApplicationTests" time="0.191"/>
  <system-out><![CDATA[17:19:19.530 [Test worker] DEBUG org.springframework.test.context.BootstrapUtils - Instantiating CacheAwareContextLoaderDelegate from class [org.springframework.test.context.cache.DefaultCacheAwareContextLoaderDelegate]
17:19:19.539 [Test worker] DEBUG org.springframework.test.context.BootstrapUtils - Instantiating BootstrapContext using constructor [public org.springframework.test.context.support.DefaultBootstrapContext(java.lang.Class,org.springframework.test.context.CacheAwareContextLoaderDelegate)]
17:19:19.562 [Test worker] DEBUG org.springframework.test.context.BootstrapUtils - Instantiating TestContextBootstrapper for test class [learn.learnforjava.LearnForJavaApplicationTests] from class [org.springframework.boot.test.context.SpringBootTestContextBootstrapper]
17:19:19.569 [Test worker] INFO org.springframework.boot.test.context.SpringBootTestContextBootstrapper - Neither @ContextConfiguration nor @ContextHierarchy found for test class [learn.learnforjava.LearnForJavaApplicationTests], using SpringBootContextLoader
17:19:19.571 [Test worker] DEBUG org.springframework.test.context.support.AbstractContextLoader - Did not detect default resource location for test class [learn.learnforjava.LearnForJavaApplicationTests]: class path resource [learn/learnforjava/LearnForJavaApplicationTests-context.xml] does not exist
17:19:19.571 [Test worker] DEBUG org.springframework.test.context.support.AbstractContextLoader - Did not detect default resource location for test class [learn.learnforjava.LearnForJavaApplicationTests]: class path resource [learn/learnforjava/LearnForJavaApplicationTestsContext.groovy] does not exist
17:19:19.572 [Test worker] INFO org.springframework.test.context.support.AbstractContextLoader - Could not detect default resource locations for test class [learn.learnforjava.LearnForJavaApplicationTests]: no resource found for suffixes {-context.xml, Context.groovy}.
17:19:19.572 [Test worker] INFO org.springframework.test.context.support.AnnotationConfigContextLoaderUtils - Could not detect default configuration classes for test class [learn.learnforjava.LearnForJavaApplicationTests]: LearnForJavaApplicationTests does not declare any static, non-private, non-final, nested classes annotated with @Configuration.
17:19:19.600 [Test worker] DEBUG org.springframework.test.context.support.ActiveProfilesUtils - Could not find an 'annotation declaring class' for annotation type [org.springframework.test.context.ActiveProfiles] and class [learn.learnforjava.LearnForJavaApplicationTests]
17:19:19.636 [Test worker] DEBUG org.springframework.context.annotation.ClassPathScanningCandidateComponentProvider - Identified candidate component class: file [/Users/zhiheng.wang/learn/learn-for-java/build/classes/java/main/learn/learnforjava/LearnForJavaApplication.class]
17:19:19.636 [Test worker] INFO org.springframework.boot.test.context.SpringBootTestContextBootstrapper - Found @SpringBootConfiguration learn.learnforjava.LearnForJavaApplication for test class learn.learnforjava.LearnForJavaApplicationTests
17:19:19.699 [Test worker] DEBUG org.springframework.boot.test.context.SpringBootTestContextBootstrapper - @TestExecutionListeners is not present for class [learn.learnforjava.LearnForJavaApplicationTests]: using defaults.
17:19:19.700 [Test worker] INFO org.springframework.boot.test.context.SpringBootTestContextBootstrapper - Loaded default TestExecutionListener class names from location [META-INF/spring.factories]: [org.springframework.boot.test.autoconfigure.restdocs.RestDocsTestExecutionListener, org.springframework.boot.test.autoconfigure.web.client.MockRestServiceServerResetTestExecutionListener, org.springframework.boot.test.autoconfigure.web.servlet.MockMvcPrintOnlyOnFailureTestExecutionListener, org.springframework.boot.test.autoconfigure.web.servlet.WebDriverTestExecutionListener, org.springframework.boot.test.autoconfigure.webservices.client.MockWebServiceServerTestExecutionListener, org.springframework.boot.test.mock.mockito.MockitoTestExecutionListener, org.springframework.boot.test.mock.mockito.ResetMocksTestExecutionListener, org.springframework.test.context.web.ServletTestExecutionListener, org.springframework.test.context.support.DirtiesContextBeforeModesTestExecutionListener, org.springframework.test.context.event.ApplicationEventsTestExecutionListener, org.springframework.test.context.support.DependencyInjectionTestExecutionListener, org.springframework.test.context.support.DirtiesContextTestExecutionListener, org.springframework.test.context.transaction.TransactionalTestExecutionListener, org.springframework.test.context.jdbc.SqlScriptsTestExecutionListener, org.springframework.test.context.event.EventPublishingTestExecutionListener]
17:19:19.706 [Test worker] DEBUG org.springframework.boot.test.context.SpringBootTestContextBootstrapper - Skipping candidate TestExecutionListener [org.springframework.test.context.web.ServletTestExecutionListener] due to a missing dependency. Specify custom listener classes or make the default listener classes and their required dependencies available. Offending class: [javax/servlet/ServletContext]
17:19:19.707 [Test worker] DEBUG org.springframework.boot.test.context.SpringBootTestContextBootstrapper - Skipping candidate TestExecutionListener [org.springframework.test.context.transaction.TransactionalTestExecutionListener] due to a missing dependency. Specify custom listener classes or make the default listener classes and their required dependencies available. Offending class: [org/springframework/transaction/interceptor/TransactionAttributeSource]
17:19:19.708 [Test worker] DEBUG org.springframework.boot.test.context.SpringBootTestContextBootstrapper - Skipping candidate TestExecutionListener [org.springframework.test.context.jdbc.SqlScriptsTestExecutionListener] due to a missing dependency. Specify custom listener classes or make the default listener classes and their required dependencies available. Offending class: [org/springframework/transaction/interceptor/TransactionAttribute]
17:19:19.708 [Test worker] INFO org.springframework.boot.test.context.SpringBootTestContextBootstrapper - Using TestExecutionListeners: [org.springframework.test.context.support.DirtiesContextBeforeModesTestExecutionListener@6fc9e246, org.springframework.test.context.event.ApplicationEventsTestExecutionListener@c4a62bc, org.springframework.boot.test.mock.mockito.MockitoTestExecutionListener@7b448367, org.springframework.boot.test.autoconfigure.SpringBootDependencyInjectionTestExecutionListener@4a1f08a1, org.springframework.test.context.support.DirtiesContextTestExecutionListener@6a641876, org.springframework.test.context.event.EventPublishingTestExecutionListener@3564c804, org.springframework.boot.test.autoconfigure.restdocs.RestDocsTestExecutionListener@6ae42a74, org.springframework.boot.test.autoconfigure.web.client.MockRestServiceServerResetTestExecutionListener@588c6d89, org.springframework.boot.test.autoconfigure.web.servlet.MockMvcPrintOnlyOnFailureTestExecutionListener@12617946, org.springframework.boot.test.autoconfigure.web.servlet.WebDriverTestExecutionListener@156a7e6, org.springframework.boot.test.autoconfigure.webservices.client.MockWebServiceServerTestExecutionListener@4a2a8a32, org.springframework.boot.test.mock.mockito.ResetMocksTestExecutionListener@717146db]
17:19:19.710 [Test worker] DEBUG org.springframework.test.context.support.AbstractDirtiesContextTestExecutionListener - Before test class: context [DefaultTestContext@35054a71 testClass = LearnForJavaApplicationTests, testInstance = [null], testMethod = [null], testException = [null], mergedContextConfiguration = [MergedContextConfiguration@15305624 testClass = LearnForJavaApplicationTests, locations = '{}', classes = '{class learn.learnforjava.LearnForJavaApplication}', contextInitializerClasses = '[]', activeProfiles = '{}', propertySourceLocations = '{}', propertySourceProperties = '{org.springframework.boot.test.context.SpringBootTestContextBootstrapper=true}', contextCustomizers = set[org.springframework.boot.test.autoconfigure.actuate.metrics.MetricsExportContextCustomizerFactory$DisableMetricExportContextCustomizer@4394ba47, org.springframework.boot.test.autoconfigure.properties.PropertyMappingContextCustomizer@0, org.springframework.boot.test.autoconfigure.web.servlet.WebDriverContextCustomizerFactory$Customizer@15cf81f4, org.springframework.boot.test.context.filter.ExcludeFilterContextCustomizer@33563a0b, org.springframework.boot.test.json.DuplicateJsonObjectContextCustomizerFactory$DuplicateJsonObjectContextCustomizer@4adc6034, org.springframework.boot.test.mock.mockito.MockitoContextCustomizer@0, org.springframework.boot.test.web.client.TestRestTemplateContextCustomizer@762ce531, org.springframework.boot.test.context.SpringBootTestArgs@1, org.springframework.boot.test.context.SpringBootTestWebEnvironment@3839cd1f], contextLoader = 'org.springframework.boot.test.context.SpringBootContextLoader', parent = [null]], attributes = map[[empty]]], class annotated with @DirtiesContext [false] with mode [null].
17:19:19.719 [Test worker] DEBUG org.springframework.test.context.support.DependencyInjectionTestExecutionListener - Performing dependency injection for test context [[DefaultTestContext@35054a71 testClass = LearnForJavaApplicationTests, testInstance = learn.learnforjava.LearnForJavaApplicationTests@7acba32, testMethod = [null], testException = [null], mergedContextConfiguration = [MergedContextConfiguration@15305624 testClass = LearnForJavaApplicationTests, locations = '{}', classes = '{class learn.learnforjava.LearnForJavaApplication}', contextInitializerClasses = '[]', activeProfiles = '{}', propertySourceLocations = '{}', propertySourceProperties = '{org.springframework.boot.test.context.SpringBootTestContextBootstrapper=true}', contextCustomizers = set[org.springframework.boot.test.autoconfigure.actuate.metrics.MetricsExportContextCustomizerFactory$DisableMetricExportContextCustomizer@4394ba47, org.springframework.boot.test.autoconfigure.properties.PropertyMappingContextCustomizer@0, org.springframework.boot.test.autoconfigure.web.servlet.WebDriverContextCustomizerFactory$Customizer@15cf81f4, org.springframework.boot.test.context.filter.ExcludeFilterContextCustomizer@33563a0b, org.springframework.boot.test.json.DuplicateJsonObjectContextCustomizerFactory$DuplicateJsonObjectContextCustomizer@4adc6034, org.springframework.boot.test.mock.mockito.MockitoContextCustomizer@0, org.springframework.boot.test.web.client.TestRestTemplateContextCustomizer@762ce531, org.springframework.boot.test.context.SpringBootTestArgs@1, org.springframework.boot.test.context.SpringBootTestWebEnvironment@3839cd1f], contextLoader = 'org.springframework.boot.test.context.SpringBootContextLoader', parent = [null]], attributes = map['org.springframework.test.context.event.ApplicationEventsTestExecutionListener.recordApplicationEvents' -> false]]].
17:19:19.734 [Test worker] DEBUG org.springframework.test.context.support.TestPropertySourceUtils - Adding inlined properties to environment: {spring.jmx.enabled=false, org.springframework.boot.test.context.SpringBootTestContextBootstrapper=true}

  .   ____          _            __ _ _
 /\\ / ___'_ __ _ _(_)_ __  __ _ \ \ \ \
( ( )\___ | '_ | '_| | '_ \/ _` | \ \ \ \
 \\/  ___)| |_)| | | | | || (_| |  ) ) ) )
  '  |____| .__|_| |_|_| |_\__, | / / / /
 =========|_|==============|___/=/_/_/_/
 :: Spring Boot ::                (v2.5.0)

2021-05-31 17:19:19.919  INFO 11966 --- [    Test worker] l.l.LearnForJavaApplicationTests         : Starting LearnForJavaApplicationTests using Java 11.0.11 on ZhihengdeMacBook-Pro.local with PID 11966 (started by zhiheng.wang in /Users/zhiheng.wang/learn/learn-for-java)
2021-05-31 17:19:19.920  INFO 11966 --- [    Test worker] l.l.LearnForJavaApplicationTests         : No active profile set, falling back to default profiles: default
2021-05-31 17:19:20.270  INFO 11966 --- [    Test worker] l.l.LearnForJavaApplicationTests         : Started LearnForJavaApplicationTests in 0.534 seconds (JVM running for 1.364)
2021-05-31 17:19:20.271  INFO 11966 --- [    Test worker] o.s.b.a.ApplicationAvailabilityBean      : Application availability state LivenessState changed to CORRECT
2021-05-31 17:19:20.272  INFO 11966 --- [    Test worker] o.s.b.a.ApplicationAvailabilityBean      : Application availability state ReadinessState changed to ACCEPTING_TRAFFIC
]]></system-out>
  <system-err><![CDATA[]]></system-err>
</testsuite>
